g:\repos\cs_ss\cs_ss\debug\cs_ss.pch
g:\repos\cs_ss\cs_ss\debug\vc142.pdb
g:\repos\cs_ss\cs_ss\debug\vc142.idb
g:\repos\cs_ss\cs_ss\debug\prefix.obj
g:\repos\cs_ss\cs_ss\debug\timer.obj
g:\repos\cs_ss\cs_ss\debug\shader.obj
g:\repos\cs_ss\cs_ss\debug\material.obj
g:\repos\cs_ss\cs_ss\debug\window.obj
g:\repos\cs_ss\cs_ss\debug\input.obj
g:\repos\cs_ss\cs_ss\debug\mesh.obj
g:\repos\cs_ss\cs_ss\debug\dxtexture.obj
g:\repos\cs_ss\cs_ss\debug\dxcontext.obj
g:\repos\cs_ss\cs_ss\debug\dxbuffer.obj
g:\repos\cs_ss\cs_ss\debug\screen.obj
g:\repos\cs_ss\cs_ss\debug\object.obj
g:\repos\cs_ss\cs_ss\debug\application.obj
g:\repos\cs_ss\debug\cs_ss.pdb
g:\repos\cs_ss\cs_ss\debug\cs_ss.tlog\cl.command.1.tlog
g:\repos\cs_ss\cs_ss\debug\cs_ss.tlog\cl.read.1.tlog
g:\repos\cs_ss\cs_ss\debug\cs_ss.tlog\cl.write.1.tlog
g:\repos\cs_ss\cs_ss\debug\cs_ss.tlog\link-cvtres.read.1.tlog
g:\repos\cs_ss\cs_ss\debug\cs_ss.tlog\link-cvtres.write.1.tlog
g:\repos\cs_ss\cs_ss\debug\cs_ss.tlog\link-rc.read.1.tlog
g:\repos\cs_ss\cs_ss\debug\cs_ss.tlog\link-rc.write.1.tlog
g:\repos\cs_ss\cs_ss\debug\cs_ss.tlog\link.command.1.tlog
g:\repos\cs_ss\cs_ss\debug\cs_ss.tlog\link.read.1.tlog
g:\repos\cs_ss\cs_ss\debug\cs_ss.tlog\link.write.1.tlog
